0 info it worked if it ends with ok
1 verbose cli [ '/Users/tannerlinsley/.nvm/versions/node/v7.2.0/bin/node',
1 verbose cli   '/Users/tannerlinsley/.nvm/versions/node/v7.2.0/bin/npm',
1 verbose cli   'publish' ]
2 info using npm@3.10.9
3 info using node@v7.2.0
4 verbose publish [ '.' ]
5 silly cache add args [ '.', null ]
6 verbose cache add spec .
7 silly cache add parsed spec Result {
7 silly cache add   raw: '.',
7 silly cache add   scope: null,
7 silly cache add   escapedName: null,
7 silly cache add   name: null,
7 silly cache add   rawSpec: '.',
7 silly cache add   spec: '/Users/tannerlinsley/Github/eslint-config-tannerlinsley',
7 silly cache add   type: 'directory' }
8 verbose addLocalDirectory /Users/tannerlinsley/.npm/eslint-config-tannerlinsley/0.0.1/package.tgz not in flight; packing
9 verbose correctMkdir /Users/tannerlinsley/.npm correctMkdir not in flight; initializing
10 info lifecycle eslint-config-tannerlinsley@0.0.1~prepublish: eslint-config-tannerlinsley@0.0.1
11 silly lifecycle eslint-config-tannerlinsley@0.0.1~prepublish: no script for prepublish, continuing
12 verbose tar pack [ '/Users/tannerlinsley/.npm/eslint-config-tannerlinsley/0.0.1/package.tgz',
12 verbose tar pack   '/Users/tannerlinsley/Github/eslint-config-tannerlinsley' ]
13 verbose tarball /Users/tannerlinsley/.npm/eslint-config-tannerlinsley/0.0.1/package.tgz
14 verbose folder /Users/tannerlinsley/Github/eslint-config-tannerlinsley
15 verbose addLocalTarball adding from inside cache /Users/tannerlinsley/.npm/eslint-config-tannerlinsley/0.0.1/package.tgz
16 verbose correctMkdir /Users/tannerlinsley/.npm correctMkdir not in flight; initializing
17 silly cache afterAdd eslint-config-tannerlinsley@0.0.1
18 verbose afterAdd /Users/tannerlinsley/.npm/eslint-config-tannerlinsley/0.0.1/package/package.json not in flight; writing
19 verbose correctMkdir /Users/tannerlinsley/.npm correctMkdir not in flight; initializing
20 verbose afterAdd /Users/tannerlinsley/.npm/eslint-config-tannerlinsley/0.0.1/package/package.json written
21 silly publish { name: 'eslint-config-tannerlinsley',
21 silly publish   version: '0.0.1',
21 silly publish   description: 'ESLint rules according to tannerlinsley\' personal preference',
21 silly publish   main: 'index.js',
21 silly publish   repository:
21 silly publish    { type: 'git',
21 silly publish      url: 'git+https://github.com/tannerlinsley/eslint-config-tannerlinsley.git' },
21 silly publish   keywords:
21 silly publish    [ 'eslint',
21 silly publish      'eslintconfig',
21 silly publish      'config',
21 silly publish      'tannerlinsley',
21 silly publish      'javascript',
21 silly publish      'styleguide' ],
21 silly publish   author:
21 silly publish    { name: 'Tanner Linsley',
21 silly publish      email: 'tannerlinsley@gmail.com',
21 silly publish      url: 'http://tannerlinsley.com/' },
21 silly publish   license: 'MIT',
21 silly publish   bugs: { url: 'https://github.com/tannerlinsley/eslint-config-tannerlinsley/issues' },
21 silly publish   homepage: 'https://github.com/tannerlinsley/eslint-config-tannerlinsley#readme',
21 silly publish   dependencies:
21 silly publish    { 'babel-eslint': '^7.2.3',
21 silly publish      'babel-plugin-module-resolver': '^2.7.1',
21 silly publish      'eslint-config-standard': '^10.2.1',
21 silly publish      'eslint-import-resolver-babel-module': '^3.0.0',
21 silly publish      'eslint-import-resolver-webpack': '^0.8.1',
21 silly publish      'eslint-plugin-babel': '^4.1.1',
21 silly publish      'eslint-plugin-import': '^2.3.0',
21 silly publish      'eslint-plugin-jest': '^20.0.3',
21 silly publish      'eslint-plugin-jsx-a11y': '^5.0.3',
21 silly publish      'eslint-plugin-node': '^5.1.0',
21 silly publish      'eslint-plugin-promise': '^3.5.0',
21 silly publish      'eslint-plugin-react': '^7.0.1',
21 silly publish      'eslint-plugin-standard': '^3.0.1',
21 silly publish      webpack: '^2.6.1' },
21 silly publish   peerDependencies: { eslint: '^3.17.0' },
21 silly publish   devDependencies:
21 silly publish    { 'babel-core': '^6.24.1',
21 silly publish      commitizen: '^2.9.6',
21 silly publish      'cz-conventional-changelog': '^2.0.0',
21 silly publish      eslint: '^3.19.0',
21 silly publish      'eslint-find-rules': '^1.14.3',
21 silly publish      husky: '^0.13.4',
21 silly publish      'npm-run-all': '^4.0.2',
21 silly publish      'semantic-release': '^6.3.6',
21 silly publish      'validate-commit-msg': '^2.12.1' },
21 silly publish   config: { commitizen: { path: './node_modules/cz-conventional-changelog' } },
21 silly publish   readme: '# eslint-config-kentcdodds\n\n[![travis build](https://img.shields.io/travis/kentcdodds/eslint-config-kentcdodds.svg?style=flat-square)](https://travis-ci.org/kentcdodds/eslint-config-kentcdodds)\n[![version](https://img.shields.io/npm/v/eslint-config-kentcdodds.svg?style=flat-square)](http://npm.im/eslint-config-kentcdodds)\n[![downloads](https://img.shields.io/npm/dm/eslint-config-kentcdodds.svg?style=flat-square)](http://npm-stat.com/charts.html?package=eslint-config-kentcdodds&from=2015-08-01)\n[![MIT License](https://img.shields.io/npm/l/eslint-config-kentcdodds.svg?style=flat-square)](http://opensource.org/licenses/MIT)\n[![semantic-release](https://img.shields.io/badge/%20%20%F0%9F%93%A6%F0%9F%9A%80-semantic--release-e10079.svg?style=flat-square)](https://github.com/semantic-release/semantic-release)\n\nESLint rules for all of my personal projects. Feel free to use these conventions :-)\n\n## Usage\n\nInstall the conventions by running:\n\n```\nnpm install --save-dev eslint eslint-config-kentcdodds\n```\n\nThen add the extends to your `.eslintrc`:\n\n```javascript\n{\n  "extends": "kentcdodds",\n  "rules": {\n    // your overrides\n  }\n}\n```\n\n### Other configs\n\nThis config also exposes a few other configs that I use often and pull in as needed.\n\nYou can use them standalone:\n\n```javascript\n{\n  "extends": "kentcdodds/<config-name>"\n}\n```\n\nOr in combination with the base config (recommended)\n\n```javascript\n{\n  "extends": ["kentcdodds", "kentcdodds/<config-name>"]\n}\n```\n\n**Note**: I\'m not certain why, but sometimes you need to have the associated plugins\ninstalled to make things work. I recommend adding them as dependencies to your project\nif you\'re going to use the config for it.\n\n- `babel-module`: [babel-plugin-module-resolver](https://www.npmjs.com/package/babel-plugin-module-resolver) for the import plugin to work with the module-resolver babel plugin (_eslint-plugin-import_ and _eslint-import-resolver-babel-module_)\n- `babel-react-require`: [babel-plugin-react-require](https://www.npmjs.com/package/babel-plugin-react-require) for when you\'re using the react-require babel plugin (should be used with `"kentcdodds/react"` as well) (_eslint-plugin-react_)\n- `jest`: [jest](http://facebook.github.io/jest/) testing framework\n- `jsx-a11y`: [eslint-plugin-jsx-a11y](https://github.com/evcohen/eslint-plugin-jsx-a11y) for rules regarding accessibility with JSX (_eslint-plugin-jsx-a11y_)\n- `react`: [React](https://www.npmjs.com/package/react) JS library  (_eslint-plugin-react_)\n- `webpack`: [Webpack](https://npmjs.com/package/webpack) for the import plugin to work with webpack overloaded imports/requires (_eslint-plugin-import_ and _eslint-import-resolver-webpack_)\n\n### Things to know\n\n- The default config uses `babel-eslint` to support stage features that ESLint doesn\'t support and it opts to use the `eslint-plugin-babel` rules over the ESLint rules to support rules for these features as well.\n- All plugins needed for rules used by these configs are dependencies of this module so you don\'t have to install anything on your own.\n- The default config actually is composed of several configurations and you can use those individually. These are the configs it\'s using: `possible-errors.js`, `best-practices.js`, `stylistic.js`, `es6/index.js`, and `import/index.js`. You can use each of these configs yourself if you want to leave my own personal style out of it. Also, the `es6` and `import` configs each have a `possible-errors.js`, `best-practices.js`, and `stylistic.js` which they are composed of as well.\n\n#### Example of highly customized config\n\n```javascript\n{\n  "extends": [\n    "kentcdodds/possible-errors", "kentcdodds/best-practices",\n    "kentcdodds/es6/possible-errors", "kentcdodds/import",\n    "kentcdodds/jest"\n  ],\n  "rules": { /* custom rules */ }\n}\n```\n\n## LICENSE\n\nMIT\n',
21 silly publish   readmeFilename: 'README.md',
21 silly publish   _id: 'eslint-config-tannerlinsley@0.0.1',
21 silly publish   scripts: {},
21 silly publish   _shasum: 'f27bb73b75945b2833f36d1db1a33740a2808320',
21 silly publish   _from: '.' }
22 verbose getPublishConfig undefined
23 silly mapToRegistry name eslint-config-tannerlinsley
24 silly mapToRegistry using default registry
25 silly mapToRegistry registry https://registry.npmjs.org/
26 silly mapToRegistry data Result {
26 silly mapToRegistry   raw: 'eslint-config-tannerlinsley',
26 silly mapToRegistry   scope: null,
26 silly mapToRegistry   escapedName: 'eslint-config-tannerlinsley',
26 silly mapToRegistry   name: 'eslint-config-tannerlinsley',
26 silly mapToRegistry   rawSpec: '',
26 silly mapToRegistry   spec: 'latest',
26 silly mapToRegistry   type: 'tag' }
27 silly mapToRegistry uri https://registry.npmjs.org/eslint-config-tannerlinsley
28 verbose publish registryBase https://registry.npmjs.org/
29 silly publish uploading /Users/tannerlinsley/.npm/eslint-config-tannerlinsley/0.0.1/package.tgz
30 verbose request uri https://registry.npmjs.org/eslint-config-tannerlinsley
31 verbose request sending authorization for write operation
32 info attempt registry request try #1 at 10:44:26 AM
33 verbose request using bearer token for auth
34 verbose request id e16410ec5290f5f5
35 http request PUT https://registry.npmjs.org/eslint-config-tannerlinsley
36 http 403 https://registry.npmjs.org/eslint-config-tannerlinsley
37 verbose headers { 'content-type': 'application/json',
37 verbose headers   'cache-control': 'max-age=300',
37 verbose headers   'content-length': '95',
37 verbose headers   'accept-ranges': 'bytes',
37 verbose headers   date: 'Fri, 07 Jul 2017 16:44:27 GMT',
37 verbose headers   via: '1.1 varnish',
37 verbose headers   connection: 'keep-alive',
37 verbose headers   'x-served-by': 'cache-dfw1831-DFW',
37 verbose headers   'x-cache': 'MISS',
37 verbose headers   'x-cache-hits': '0',
37 verbose headers   'x-timer': 'S1499445867.223142,VS0,VE745',
37 verbose headers   vary: 'Accept-Encoding, Accept' }
38 verbose request invalidating /Users/tannerlinsley/.npm/registry.npmjs.org/eslint-config-tannerlinsley on PUT
39 error publish Failed PUT 403
40 verbose stack Error: "You cannot publish over the previously published version 0.0.1." : eslint-config-tannerlinsley
40 verbose stack     at makeError (/Users/tannerlinsley/.nvm/versions/node/v7.2.0/lib/node_modules/npm/node_modules/npm-registry-client/lib/request.js:302:12)
40 verbose stack     at CachingRegistryClient.<anonymous> (/Users/tannerlinsley/.nvm/versions/node/v7.2.0/lib/node_modules/npm/node_modules/npm-registry-client/lib/request.js:290:14)
40 verbose stack     at Request._callback (/Users/tannerlinsley/.nvm/versions/node/v7.2.0/lib/node_modules/npm/node_modules/npm-registry-client/lib/request.js:210:14)
40 verbose stack     at Request.self.callback (/Users/tannerlinsley/.nvm/versions/node/v7.2.0/lib/node_modules/npm/node_modules/request/request.js:187:22)
40 verbose stack     at emitTwo (events.js:106:13)
40 verbose stack     at Request.emit (events.js:191:7)
40 verbose stack     at Request.<anonymous> (/Users/tannerlinsley/.nvm/versions/node/v7.2.0/lib/node_modules/npm/node_modules/request/request.js:1048:10)
40 verbose stack     at emitOne (events.js:96:13)
40 verbose stack     at Request.emit (events.js:188:7)
40 verbose stack     at IncomingMessage.<anonymous> (/Users/tannerlinsley/.nvm/versions/node/v7.2.0/lib/node_modules/npm/node_modules/request/request.js:969:12)
41 verbose statusCode 403
42 verbose pkgid eslint-config-tannerlinsley
43 verbose cwd /Users/tannerlinsley/Github/eslint-config-tannerlinsley
44 error Darwin 16.6.0
45 error argv "/Users/tannerlinsley/.nvm/versions/node/v7.2.0/bin/node" "/Users/tannerlinsley/.nvm/versions/node/v7.2.0/bin/npm" "publish"
46 error node v7.2.0
47 error npm  v3.10.9
48 error code E403
49 error "You cannot publish over the previously published version 0.0.1." : eslint-config-tannerlinsley
50 error If you need help, you may report this error at:
50 error     <https://github.com/npm/npm/issues>
51 verbose exit [ 1, true ]
